
> courtofcapital@0.0.0 dev
> devvit playtest

âœ” Build complete (79ms)
Updating...
[G[1A[JUpdating... -
[G[1A[JUpdating... \
[G[1A[JUpdating... |
[G[1A[JUpdating... /
[G[1A[JUpdating... -
[G[1A[JUpdating... \
[G[1A[JUpdating... |
[G[1A[JUpdating... /
[G[1A[JUpdating... -
[G[1A[JUpdating... \
[G[1A[JUpdating... |
[G[1A[JUpdating... /
[G[1A[JUpdating... -
[G[1A[JUpdating... Success!
â”Œâ”€â”€â”€â”€â”€â”€â”€â”€â”€â”€â”€â”€â”€â”€â”€â”€â”€â”€â”€â”€â”€â”€â”€â”€â”€â”€â”€â”€â”€â”€â”€â”€â”€â”€â”€â”€â”€â”€â”€â”€â”€â”€â”€â”€â”€â”€â”€â”€â”€â”€â”€â”€â”€â”€â”€â”€â”€â”€â”€â”€â”€â”€â”€â”€â”€â”€â”€â”€â”€â”€â”€â”€â”€â”€â”€â”€â”€â”€â”€â”€â”€â”€â”€â”€â”€â”€â”€â”€â”€â”€â”€â”€â”€â”€â”€â”€â”€â”€â”€â”€â”€â”€â”€â”€â”€â”€â”€â”€â”€â”€â”€â”€â”€â”€â”€â”€â”€â”€â”€â”€â”€â”€â”€â”€â”€â”€â”€â”€â”€â”€â”€â”€â”€â”€â”€â”€â”€â”€â”€â”€â”€â”€â”€â”€â”€â”€â”€â”€â”€â”€â”€â”€â”€â”€â”€â”€â”€â”€â”€â”€â”€â”€â”€â”€â”€â”€â”€â”€â”€â”€â”€â”€â”€â”€â”€â”
â”‚ âœ“ Playtest ready
âœ URL: https://www.reddit.com/r/courtofcapital_dev/?playtest=courtofcapital
âœ Version: v0.0.1.5
âœ Open the URL above and refresh to see your latest changes. â”‚
â””â”€â”€â”€â”€â”€â”€â”€â”€â”€â”€â”€â”€â”€â”€â”€â”€â”€â”€â”€â”€â”€â”€â”€â”€â”€â”€â”€â”€â”€â”€â”€â”€â”€â”€â”€â”€â”€â”€â”€â”€â”€â”€â”€â”€â”€â”€â”€â”€â”€â”€â”€â”€â”€â”€â”€â”€â”€â”€â”€â”€â”€â”€â”€â”€â”€â”€â”€â”€â”€â”€â”€â”€â”€â”€â”€â”€â”€â”€â”€â”€â”€â”€â”€â”€â”€â”€â”€â”€â”€â”€â”€â”€â”€â”€â”€â”€â”€â”€â”€â”€â”€â”€â”€â”€â”€â”€â”€â”€â”€â”€â”€â”€â”€â”€â”€â”€â”€â”€â”€â”€â”€â”€â”€â”€â”€â”€â”€â”€â”€â”€â”€â”€â”€â”€â”€â”€â”€â”€â”€â”€â”€â”€â”€â”€â”€â”€â”€â”€â”€â”€â”€â”€â”€â”€â”€â”€â”€â”€â”€â”€â”€â”€â”€â”€â”€â”€â”€â”€â”€â”€â”€â”€â”€â”€â”€â”˜
âœ” Client rebuild complete (10197ms)
Updating...
[G[1A[JUpdating... \
[G[1A[JUpdating... |
[G[1A[JUpdating... /
[G[1A[JUpdating... -
[G[1A[JUpdating... \
[G[1A[JUpdating... |
[G[1A[JUpdating... /
[G[1A[JUpdating... -
[G[1A[JUpdating... \
[G[1A[JUpdating... |
âœ” Server rebuild complete (16014ms)
[G[1A[JUpdating... /
[G[1A[JUpdating... -
[G[1A[JUpdating... \
[G[1A[JUpdating... Success!
âœ“ v0.0.1.6 âœ https://www.reddit.com/r/courtofcapital_dev/?playtest=courtofcapital
Starting a new build...
Updating...
[G[1A[JUpdating... |
[G[1A[JUpdating... /
[G[1A[JUpdating... -
[G[1A[JUpdating... \
[G[1A[JUpdating... |
[G[1A[JUpdating... /
[G[1A[JUpdating... -
[G[1A[JUpdating... \
[G[1A[JUpdating... |
[G[1A[JUpdating... /
[G[1A[JUpdating... -
[G[1A[JUpdating... \
[G[1A[JUpdating... Success!
âœ“ v0.0.1.7 âœ https://www.reddit.com/r/courtofcapital_dev/?playtest=courtofcapital
